Using pre-set license
Built from '2020.3/staging' branch; Version is '2020.3.26f1 (7298b473bc1a) revision 7510196'; Using compiler version '192528614'; Build Type 'Release'
OS: 'Windows 10  (10.0.19043) 64bit Core' Language: 'de' Physical Memory: 16226 MB
BatchMode: 1, IsHumanControllingUs: 0, StartBugReporterOnCrash: 0, Is64bit: 1, IsPro: 0

COMMAND LINE ARGUMENTS:
D:\Programme\Unity\2020.3.26f1\Editor\Unity.exe
-adb2
-batchMode
-noUpm
-name
AssetImportWorker0
-projectPath
D:/Uni/Diss/GitHub/UnityExampleTask/Unity Project
-logFile
Logs/AssetImportWorker0.log
-srvPort
54749
Successfully changed project path to: D:/Uni/Diss/GitHub/UnityExampleTask/Unity Project
D:/Uni/Diss/GitHub/UnityExampleTask/Unity Project
Using Asset Import Pipeline V2.
Refreshing native plugins compatible for Editor in 50.92 ms, found 2 plugins.
Preloading 0 native plugins for Editor in 0.00 ms.
Initialize engine version: 2020.3.26f1 (7298b473bc1a)
[Subsystems] Discovering subsystems at path D:/Programme/Unity/2020.3.26f1/Editor/Data/Resources/UnitySubsystems
[Subsystems] Discovering subsystems at path D:/Uni/Diss/GitHub/UnityExampleTask/Unity Project/Assets
GfxDevice: creating device client; threaded=0
Direct3D:
    Version:  Direct3D 11.0 [level 11.1]
    Renderer: NVIDIA GeForce GTX 1050 Ti (ID=0x1c8c)
    Vendor:   
    VRAM:     4018 MB
    Driver:   26.21.14.4166
Initialize mono
Mono path[0] = 'D:/Programme/Unity/2020.3.26f1/Editor/Data/Managed'
Mono path[1] = 'D:/Programme/Unity/2020.3.26f1/Editor/Data/MonoBleedingEdge/lib/mono/unityjit'
Mono config path = 'D:/Programme/Unity/2020.3.26f1/Editor/Data/MonoBleedingEdge/etc'
Using monoOptions --debugger-agent=transport=dt_socket,embedding=1,server=y,suspend=n,address=127.0.0.1:56524
Begin MonoManager ReloadAssembly
Registering precompiled unity dll's ...
Register platform support module: D:/Programme/Unity/2020.3.26f1/Editor/Data/PlaybackEngines/WebGLSupport/UnityEditor.WebGL.Extensions.dll
Register platform support module: D:/Programme/Unity/2020.3.26f1/Editor/Data/PlaybackEngines/WindowsStandaloneSupport/UnityEditor.WindowsStandalone.Extensions.dll
Registered in 0.001248 seconds.
Native extension for WindowsStandalone target not found
Native extension for WebGL target not found
Refreshing native plugins compatible for Editor in 54.96 ms, found 2 plugins.
Preloading 0 native plugins for Editor in 0.00 ms.
Mono: successfully reloaded assembly
- Completed reload, in  0.614 seconds
Domain Reload Profiling:
	ReloadAssembly (614ms)
		BeginReloadAssembly (49ms)
			ExecutionOrderSort (0ms)
			DisableScriptedObjects (0ms)
			BackupInstance (0ms)
			ReleaseScriptingObjects (0ms)
			CreateAndSetChildDomain (1ms)
		EndReloadAssembly (496ms)
			LoadAssemblies (49ms)
			RebuildTransferFunctionScriptingTraits (0ms)
			SetupTypeCache (163ms)
			ReleaseScriptCaches (0ms)
			RebuildScriptCaches (36ms)
			SetupLoadedEditorAssemblies (199ms)
				LogAssemblyErrors (0ms)
				InitializePlatformSupportModulesInManaged (5ms)
				SetLoadedEditorAssemblies (1ms)
				RefreshPlugins (55ms)
				BeforeProcessingInitializeOnLoad (17ms)
				ProcessInitializeOnLoadAttributes (92ms)
				ProcessInitializeOnLoadMethodAttributes (29ms)
				AfterProcessingInitializeOnLoad (0ms)
				EditorAssembliesLoaded (0ms)
			ExecutionOrderSort2 (0ms)
			AwakeInstancesAfterBackupRestoration (0ms)
Platform modules already initialized, skipping
Registering precompiled user dll's ...
Registered in 0.004766 seconds.
Begin MonoManager ReloadAssembly
Native extension for WindowsStandalone target not found
Native extension for WebGL target not found
Refreshing native plugins compatible for Editor in 62.87 ms, found 2 plugins.
Preloading 0 native plugins for Editor in 0.00 ms.
Mono: successfully reloaded assembly
- Completed reload, in  1.246 seconds
Domain Reload Profiling:
	ReloadAssembly (1246ms)
		BeginReloadAssembly (146ms)
			ExecutionOrderSort (0ms)
			DisableScriptedObjects (5ms)
			BackupInstance (0ms)
			ReleaseScriptingObjects (0ms)
			CreateAndSetChildDomain (19ms)
		EndReloadAssembly (1031ms)
			LoadAssemblies (93ms)
			RebuildTransferFunctionScriptingTraits (0ms)
			SetupTypeCache (354ms)
			ReleaseScriptCaches (1ms)
			RebuildScriptCaches (49ms)
			SetupLoadedEditorAssemblies (411ms)
				LogAssemblyErrors (0ms)
				InitializePlatformSupportModulesInManaged (4ms)
				SetLoadedEditorAssemblies (0ms)
				RefreshPlugins (63ms)
				BeforeProcessingInitializeOnLoad (95ms)
				ProcessInitializeOnLoadAttributes (237ms)
				ProcessInitializeOnLoadMethodAttributes (8ms)
				AfterProcessingInitializeOnLoad (3ms)
				EditorAssembliesLoaded (0ms)
			ExecutionOrderSort2 (0ms)
			AwakeInstancesAfterBackupRestoration (6ms)
Platform modules already initialized, skipping
========================================================================
Worker process is ready to serve import requests
Launched and connected shader compiler UnityShaderCompiler.exe after 0.25 seconds
Refreshing native plugins compatible for Editor in 0.61 ms, found 2 plugins.
Preloading 0 native plugins for Editor in 0.00 ms.
Unloading 2807 Unused Serialized files (Serialized files now loaded: 0)
System memory in use before: 126.2 MB.
System memory in use after: 126.4 MB.

Unloading 20 unused Assets to reduce memory usage. Loaded Objects now: 3242.
Total: 5.581600 ms (FindLiveObjects: 0.240200 ms CreateObjectMapping: 0.133400 ms MarkObjects: 5.100500 ms  DeleteObjects: 0.106400 ms)

AssetImportParameters requested are different than current active one (requested -> active):
  custom:framework-win-MediaFoundation: 216162199b28c13a410421893ffa2e32 -> 
  custom:video-decoder-ogg-theora: a1e56fd34408186e4bbccfd4996cb3dc -> 
  custom:container-muxer-webm: aa71ff27fc2769a1b78a27578f13a17b -> 
  custom:container-demuxer-webm: 4f35f7cbe854078d1ac9338744f61a02 -> 
  custom:container-demuxer-ogg: 62fdf1f143b41e24485cea50d1cbac27 -> 
  custom:video-encoder-webm-vp8: eb34c28f22e8b96e1ab97ce403110664 -> 
  custom:video-decoder-webm-vp8: 9c59270c3fd7afecdb556c50c9e8de78 -> 
  custom:audio-decoder-ogg-vorbis: bf7c407c2cedff20999df2af8eb42d56 -> 
  custom:audio-encoder-webm-vorbis: bf7c407c2cedff20999df2af8eb42d56 -> 
========================================================================
Received Import Request.
  path: Assets/Scenes
  artifactKey: Guid(7a336f75030776d4cb021151cba4efda) Importer(815301076,1909f56bfc062723c751e8b465ee728b)
Start importing Assets/Scenes using Guid(7a336f75030776d4cb021151cba4efda) Importer(815301076,1909f56bfc062723c751e8b465ee728b)  -> (artifact id: 'c47016f3fa4fa886833d6bc738dcce2e') in 0.008698 seconds 
  Import took 0.013291 seconds .

========================================================================
Received Import Request.
  Time since last request: 0.000462 seconds.
  path: Assets/Scenes/SampleScene.unity
  artifactKey: Guid(9fc0d4010bbf28b4594072e72b8655ab) Importer(815301076,1909f56bfc062723c751e8b465ee728b)
Start importing Assets/Scenes/SampleScene.unity using Guid(9fc0d4010bbf28b4594072e72b8655ab) Importer(815301076,1909f56bfc062723c751e8b465ee728b)  -> (artifact id: '4cabdf06b230e311f2dc105dd85181da') in 0.020208 seconds 
  Import took 0.025832 seconds .

========================================================================
Received Import Request.
  Time since last request: 17.731639 seconds.
  path: Assets/RenderPipeline
  artifactKey: Guid(fb1e3a3b16756da46b55b9a771462ca5) Importer(815301076,1909f56bfc062723c751e8b465ee728b)
Start importing Assets/RenderPipeline using Guid(fb1e3a3b16756da46b55b9a771462ca5) Importer(815301076,1909f56bfc062723c751e8b465ee728b)  -> (artifact id: 'e73c76d87ed0d4fd24e6a8cd59fdbf58') in 0.006923 seconds 
  Import took 0.012019 seconds .

========================================================================
Received Import Request.
  Time since last request: 0.068680 seconds.
  path: Assets/RenderPipeline/UniversalRenderPipelineAsset.asset
  artifactKey: Guid(7b6a2f18d77be384fb0f8229ee7c52cd) Importer(815301076,1909f56bfc062723c751e8b465ee728b)
Start importing Assets/RenderPipeline/UniversalRenderPipelineAsset.asset using Guid(7b6a2f18d77be384fb0f8229ee7c52cd) Importer(815301076,1909f56bfc062723c751e8b465ee728b)  -> (artifact id: '2efdcd5fe6ff1cbd2c186452a07a9fa4') in 0.039148 seconds 
  Import took 0.043848 seconds .

========================================================================
Received Import Request.
  Time since last request: 0.000305 seconds.
  path: Assets/RenderPipeline/UniversalRenderPipelineAsset_Renderer.asset
  artifactKey: Guid(3a0f271ebe2bc66469e8b53a52a219b2) Importer(815301076,1909f56bfc062723c751e8b465ee728b)
Start importing Assets/RenderPipeline/UniversalRenderPipelineAsset_Renderer.asset using Guid(3a0f271ebe2bc66469e8b53a52a219b2) Importer(815301076,1909f56bfc062723c751e8b465ee728b)  -> (artifact id: '8a14bce92460465d657255fd35a5da4b') in 0.009352 seconds 
  Import took 0.014743 seconds .

========================================================================
Received Import Request.
  Time since last request: 3.952600 seconds.
  path: Assets/Samples
  artifactKey: Guid(ab833b9f76c82874bbfe0484735ec6a3) Importer(815301076,1909f56bfc062723c751e8b465ee728b)
Start importing Assets/Samples using Guid(ab833b9f76c82874bbfe0484735ec6a3) Importer(815301076,1909f56bfc062723c751e8b465ee728b)  -> (artifact id: '4a4df7d6199664be787d6da50b3d743f') in 0.007470 seconds 
  Import took 0.012673 seconds .

AssetImportWorkerClient::OnTransportError - code=2 error=End of file
